Analysis & Synthesis report for Exp7
Mon May 04 02:22:33 2020
Quartus Prime Version 18.1.0 Build 625 09/12/2018 SJ Lite Edition


---------------------
; Table of Contents ;
---------------------
  1. Legal Notice
  2. Analysis & Synthesis Summary
  3. Analysis & Synthesis Settings
  4. Parallel Compilation
  5. Analysis & Synthesis Source Files Read
  6. Analysis & Synthesis Resource Usage Summary
  7. Analysis & Synthesis Resource Utilization by Entity
  8. State Machine - |exp7|MaquinaEstadoSemaforo:FSMSEF|E_Atual
  9. General Register Statistics
 10. Inverted Register Statistics
 11. Port Connectivity Checks: "CircuitoTemporizador:TEMP|fliflop:\conter:3:CO3:Ci"
 12. Port Connectivity Checks: "CircuitoTemporizador:TEMP|fliflop:\conter:2:CO2:Ci"
 13. Post-Synthesis Netlist Statistics for Top Partition
 14. Elapsed Time Per Partition
 15. Analysis & Synthesis Messages



----------------
; Legal Notice ;
----------------
Copyright (C) 2018  Intel Corporation. All rights reserved.
Your use of Intel Corporation's design tools, logic functions 
and other software and tools, and its AMPP partner logic 
functions, and any output files from any of the foregoing 
(including device programming or simulation files), and any 
associated documentation or information are expressly subject 
to the terms and conditions of the Intel Program License 
Subscription Agreement, the Intel Quartus Prime License Agreement,
the Intel FPGA IP License Agreement, or other applicable license
agreement, including, without limitation, that your use is for
the sole purpose of programming logic devices manufactured by
Intel and sold by Intel or its authorized distributors.  Please
refer to the applicable agreement for further details.



+-------------------------------------------------------------------------------+
; Analysis & Synthesis Summary                                                  ;
+---------------------------------+---------------------------------------------+
; Analysis & Synthesis Status     ; Successful - Mon May 04 02:22:33 2020       ;
; Quartus Prime Version           ; 18.1.0 Build 625 09/12/2018 SJ Lite Edition ;
; Revision Name                   ; Exp7                                        ;
; Top-level Entity Name           ; exp7                                        ;
; Family                          ; Cyclone V                                   ;
; Logic utilization (in ALMs)     ; N/A                                         ;
; Total registers                 ; 79                                          ;
; Total pins                      ; 8                                           ;
; Total virtual pins              ; 0                                           ;
; Total block memory bits         ; 0                                           ;
; Total DSP Blocks                ; 0                                           ;
; Total HSSI RX PCSs              ; 0                                           ;
; Total HSSI PMA RX Deserializers ; 0                                           ;
; Total HSSI TX PCSs              ; 0                                           ;
; Total HSSI PMA TX Serializers   ; 0                                           ;
; Total PLLs                      ; 0                                           ;
; Total DLLs                      ; 0                                           ;
+---------------------------------+---------------------------------------------+


+---------------------------------------------------------------------------------------------------------------------------+
; Analysis & Synthesis Settings                                                                                             ;
+---------------------------------------------------------------------------------+--------------------+--------------------+
; Option                                                                          ; Setting            ; Default Value      ;
+---------------------------------------------------------------------------------+--------------------+--------------------+
; Device                                                                          ; 5CEBA4F23C7        ;                    ;
; Top-level entity name                                                           ; Exp7               ; Exp7               ;
; Family name                                                                     ; Cyclone V          ; Cyclone V          ;
; Use smart compilation                                                           ; Off                ; Off                ;
; Enable parallel Assembler and Timing Analyzer during compilation                ; On                 ; On                 ;
; Enable compact report table                                                     ; Off                ; Off                ;
; Restructure Multiplexers                                                        ; Auto               ; Auto               ;
; MLAB Add Timing Constraints For Mixed-Port Feed-Through Mode Setting Don't Care ; Off                ; Off                ;
; Create Debugging Nodes for IP Cores                                             ; Off                ; Off                ;
; Preserve fewer node names                                                       ; On                 ; On                 ;
; Intel FPGA IP Evaluation Mode                                                   ; Enable             ; Enable             ;
; Verilog Version                                                                 ; Verilog_2001       ; Verilog_2001       ;
; VHDL Version                                                                    ; VHDL_1993          ; VHDL_1993          ;
; State Machine Processing                                                        ; Auto               ; Auto               ;
; Safe State Machine                                                              ; Off                ; Off                ;
; Extract Verilog State Machines                                                  ; On                 ; On                 ;
; Extract VHDL State Machines                                                     ; On                 ; On                 ;
; Ignore Verilog initial constructs                                               ; Off                ; Off                ;
; Iteration limit for constant Verilog loops                                      ; 5000               ; 5000               ;
; Iteration limit for non-constant Verilog loops                                  ; 250                ; 250                ;
; Add Pass-Through Logic to Inferred RAMs                                         ; On                 ; On                 ;
; Infer RAMs from Raw Logic                                                       ; On                 ; On                 ;
; Parallel Synthesis                                                              ; On                 ; On                 ;
; DSP Block Balancing                                                             ; Auto               ; Auto               ;
; NOT Gate Push-Back                                                              ; On                 ; On                 ;
; Power-Up Don't Care                                                             ; On                 ; On                 ;
; Remove Redundant Logic Cells                                                    ; Off                ; Off                ;
; Remove Duplicate Registers                                                      ; On                 ; On                 ;
; Ignore CARRY Buffers                                                            ; Off                ; Off                ;
; Ignore CASCADE Buffers                                                          ; Off                ; Off                ;
; Ignore GLOBAL Buffers                                                           ; Off                ; Off                ;
; Ignore ROW GLOBAL Buffers                                                       ; Off                ; Off                ;
; Ignore LCELL Buffers                                                            ; Off                ; Off                ;
; Ignore SOFT Buffers                                                             ; On                 ; On                 ;
; Limit AHDL Integers to 32 Bits                                                  ; Off                ; Off                ;
; Optimization Technique                                                          ; Balanced           ; Balanced           ;
; Carry Chain Length                                                              ; 70                 ; 70                 ;
; Auto Carry Chains                                                               ; On                 ; On                 ;
; Auto Open-Drain Pins                                                            ; On                 ; On                 ;
; Perform WYSIWYG Primitive Resynthesis                                           ; Off                ; Off                ;
; Auto ROM Replacement                                                            ; On                 ; On                 ;
; Auto RAM Replacement                                                            ; On                 ; On                 ;
; Auto DSP Block Replacement                                                      ; On                 ; On                 ;
; Auto Shift Register Replacement                                                 ; Auto               ; Auto               ;
; Allow Shift Register Merging across Hierarchies                                 ; Auto               ; Auto               ;
; Auto Clock Enable Replacement                                                   ; On                 ; On                 ;
; Strict RAM Replacement                                                          ; Off                ; Off                ;
; Allow Synchronous Control Signals                                               ; On                 ; On                 ;
; Force Use of Synchronous Clear Signals                                          ; Off                ; Off                ;
; Auto Resource Sharing                                                           ; Off                ; Off                ;
; Allow Any RAM Size For Recognition                                              ; Off                ; Off                ;
; Allow Any ROM Size For Recognition                                              ; Off                ; Off                ;
; Allow Any Shift Register Size For Recognition                                   ; Off                ; Off                ;
; Use LogicLock Constraints during Resource Balancing                             ; On                 ; On                 ;
; Ignore translate_off and synthesis_off directives                               ; Off                ; Off                ;
; Timing-Driven Synthesis                                                         ; On                 ; On                 ;
; Report Parameter Settings                                                       ; On                 ; On                 ;
; Report Source Assignments                                                       ; On                 ; On                 ;
; Report Connectivity Checks                                                      ; On                 ; On                 ;
; Ignore Maximum Fan-Out Assignments                                              ; Off                ; Off                ;
; Synchronization Register Chain Length                                           ; 3                  ; 3                  ;
; Power Optimization During Synthesis                                             ; Normal compilation ; Normal compilation ;
; HDL message level                                                               ; Level2             ; Level2             ;
; Suppress Register Optimization Related Messages                                 ; Off                ; Off                ;
; Number of Removed Registers Reported in Synthesis Report                        ; 5000               ; 5000               ;
; Number of Swept Nodes Reported in Synthesis Report                              ; 5000               ; 5000               ;
; Number of Inverted Registers Reported in Synthesis Report                       ; 100                ; 100                ;
; Clock MUX Protection                                                            ; On                 ; On                 ;
; Auto Gated Clock Conversion                                                     ; Off                ; Off                ;
; Block Design Naming                                                             ; Auto               ; Auto               ;
; SDC constraint protection                                                       ; Off                ; Off                ;
; Synthesis Effort                                                                ; Auto               ; Auto               ;
; Shift Register Replacement - Allow Asynchronous Clear Signal                    ; On                 ; On                 ;
; Pre-Mapping Resynthesis Optimization                                            ; Off                ; Off                ;
; Analysis & Synthesis Message Level                                              ; Medium             ; Medium             ;
; Disable Register Merging Across Hierarchies                                     ; Auto               ; Auto               ;
; Resource Aware Inference For Block RAM                                          ; On                 ; On                 ;
; Automatic Parallel Synthesis                                                    ; On                 ; On                 ;
; Partial Reconfiguration Bitstream ID                                            ; Off                ; Off                ;
+---------------------------------------------------------------------------------+--------------------+--------------------+


+------------------------------------------+
; Parallel Compilation                     ;
+----------------------------+-------------+
; Processors                 ; Number      ;
+----------------------------+-------------+
; Number detected on machine ; 8           ;
; Maximum allowed            ; 4           ;
;                            ;             ;
; Average used               ; 1.00        ;
; Maximum used               ; 4           ;
;                            ;             ;
; Usage by Processor         ; % Time Used ;
;     Processor 1            ; 100.0%      ;
;     Processor 2            ;   0.0%      ;
;     Processors 3-4         ;   0.0%      ;
+----------------------------+-------------+


+------------------------------------------------------------------------------------------------------------------------------+
; Analysis & Synthesis Source Files Read                                                                                       ;
+------------------------------------+-----------------+-----------------+-------------------------------------------+---------+
; File Name with User-Entered Path   ; Used in Netlist ; File Type       ; File Name with Absolute Path              ; Library ;
+------------------------------------+-----------------+-----------------+-------------------------------------------+---------+
; ../Exp7e/MaquinaEstadoSemaforo.vhd ; yes             ; User VHDL File  ; D:/Labdig/Exp7e/MaquinaEstadoSemaforo.vhd ;         ;
; ../Exp7t/fliflop.vhd               ; yes             ; User VHDL File  ; D:/Labdig/Exp7t/fliflop.vhd               ;         ;
; ../Exp7t/CircuitoTemporizador.vhd  ; yes             ; User VHDL File  ; D:/Labdig/Exp7t/CircuitoTemporizador.vhd  ;         ;
; Exp7.vhd                           ; yes             ; User VHDL File  ; D:/Labdig/exp 7/Exp7.vhd                  ;         ;
+------------------------------------+-----------------+-----------------+-------------------------------------------+---------+


+--------------------------------------------------------------------------------+
; Analysis & Synthesis Resource Usage Summary                                    ;
+---------------------------------------------+----------------------------------+
; Resource                                    ; Usage                            ;
+---------------------------------------------+----------------------------------+
; Estimate of Logic utilization (ALMs needed) ; 58                               ;
;                                             ;                                  ;
; Combinational ALUT usage for logic          ; 103                              ;
;     -- 7 input functions                    ; 0                                ;
;     -- 6 input functions                    ; 12                               ;
;     -- 5 input functions                    ; 3                                ;
;     -- 4 input functions                    ; 2                                ;
;     -- <=3 input functions                  ; 86                               ;
;                                             ;                                  ;
; Dedicated logic registers                   ; 79                               ;
;                                             ;                                  ;
; I/O pins                                    ; 8                                ;
;                                             ;                                  ;
; Total DSP Blocks                            ; 0                                ;
;                                             ;                                  ;
; Maximum fan-out node                        ; CircuitoTemporizador:TEMP|temp1s ;
; Maximum fan-out                             ; 41                               ;
; Total fan-out                               ; 545                              ;
; Average fan-out                             ; 2.75                             ;
+---------------------------------------------+----------------------------------+


+-------------------------------------------------------------------------------------------------------------------------------------------------------------------------------------------------------------------------------------------------+
; Analysis & Synthesis Resource Utilization by Entity                                                                                                                                                                                             ;
+------------------------------------+---------------------+---------------------------+-------------------+------------+------+--------------+------------------------------------------------------------+-----------------------+--------------+
; Compilation Hierarchy Node         ; Combinational ALUTs ; Dedicated Logic Registers ; Block Memory Bits ; DSP Blocks ; Pins ; Virtual Pins ; Full Hierarchy Name                                        ; Entity Name           ; Library Name ;
+------------------------------------+---------------------+---------------------------+-------------------+------------+------+--------------+------------------------------------------------------------+-----------------------+--------------+
; |exp7                              ; 103 (0)             ; 79 (0)                    ; 0                 ; 0          ; 8    ; 0            ; |exp7                                                      ; exp7                  ; work         ;
;    |CircuitoTemporizador:TEMP|     ; 91 (89)             ; 72 (66)                   ; 0                 ; 0          ; 0    ; 0            ; |exp7|CircuitoTemporizador:TEMP                            ; CircuitoTemporizador  ; work         ;
;       |fliflop:\conter:0:INITC:Ci| ; 1 (1)               ; 2 (2)                     ; 0                 ; 0          ; 0    ; 0            ; |exp7|CircuitoTemporizador:TEMP|fliflop:\conter:0:INITC:Ci ; fliflop               ; work         ;
;       |fliflop:\conter:1:CO1:Ci|   ; 1 (1)               ; 2 (2)                     ; 0                 ; 0          ; 0    ; 0            ; |exp7|CircuitoTemporizador:TEMP|fliflop:\conter:1:CO1:Ci   ; fliflop               ; work         ;
;       |fliflop:\conter:2:CO2:Ci|   ; 0 (0)               ; 1 (1)                     ; 0                 ; 0          ; 0    ; 0            ; |exp7|CircuitoTemporizador:TEMP|fliflop:\conter:2:CO2:Ci   ; fliflop               ; work         ;
;       |fliflop:\conter:3:CO3:Ci|   ; 0 (0)               ; 1 (1)                     ; 0                 ; 0          ; 0    ; 0            ; |exp7|CircuitoTemporizador:TEMP|fliflop:\conter:3:CO3:Ci   ; fliflop               ; work         ;
;    |MaquinaEstadoSemaforo:FSMSEF|  ; 12 (12)             ; 7 (7)                     ; 0                 ; 0          ; 0    ; 0            ; |exp7|MaquinaEstadoSemaforo:FSMSEF                         ; MaquinaEstadoSemaforo ; work         ;
+------------------------------------+---------------------+---------------------------+-------------------+------------+------+--------------+------------------------------------------------------------+-----------------------+--------------+
Note: For table entries with two numbers listed, the numbers in parentheses indicate the number of resources of the given type used by the specific entity alone. The numbers listed outside of parentheses indicate the total resources of the given type used by the specific entity and all of its sub-entities in the hierarchy.


Encoding Type:  One-Hot
+---------------------------------------------------------------------------------------------------------------------------------+
; State Machine - |exp7|MaquinaEstadoSemaforo:FSMSEF|E_Atual                                                                      ;
+------------------+-----------------+------------------+--------------+--------------+--------------+--------------+-------------+
; Name             ; E_Atual.Apagado ; E_Atual.Piscante ; E_Atual.eAmB ; E_Atual.eVdB ; E_Atual.eAmA ; E_Atual.eVdA ; E_Atual.Bgn ;
+------------------+-----------------+------------------+--------------+--------------+--------------+--------------+-------------+
; E_Atual.Bgn      ; 0               ; 0                ; 0            ; 0            ; 0            ; 0            ; 0           ;
; E_Atual.eVdA     ; 0               ; 0                ; 0            ; 0            ; 0            ; 1            ; 1           ;
; E_Atual.eAmA     ; 0               ; 0                ; 0            ; 0            ; 1            ; 0            ; 1           ;
; E_Atual.eVdB     ; 0               ; 0                ; 0            ; 1            ; 0            ; 0            ; 1           ;
; E_Atual.eAmB     ; 0               ; 0                ; 1            ; 0            ; 0            ; 0            ; 1           ;
; E_Atual.Piscante ; 0               ; 1                ; 0            ; 0            ; 0            ; 0            ; 1           ;
; E_Atual.Apagado  ; 1               ; 0                ; 0            ; 0            ; 0            ; 0            ; 1           ;
+------------------+-----------------+------------------+--------------+--------------+--------------+--------------+-------------+


+------------------------------------------------------+
; General Register Statistics                          ;
+----------------------------------------------+-------+
; Statistic                                    ; Value ;
+----------------------------------------------+-------+
; Total registers                              ; 79    ;
; Number of registers using Synchronous Clear  ; 62    ;
; Number of registers using Synchronous Load   ; 0     ;
; Number of registers using Asynchronous Clear ; 43    ;
; Number of registers using Asynchronous Load  ; 0     ;
; Number of registers using Clock Enable       ; 3     ;
; Number of registers using Preset             ; 0     ;
+----------------------------------------------+-------+


+--------------------------------------------------+
; Inverted Register Statistics                     ;
+----------------------------------------+---------+
; Inverted Register                      ; Fan out ;
+----------------------------------------+---------+
; CircuitoTemporizador:TEMP|cc60[0]      ; 2       ;
; CircuitoTemporizador:TEMP|cc1[0]       ; 2       ;
; Total number of inverted registers = 2 ;         ;
+----------------------------------------+---------+


+----------------------------------------------------------------------------------------------------------------+
; Port Connectivity Checks: "CircuitoTemporizador:TEMP|fliflop:\conter:3:CO3:Ci"                                 ;
+------+--------+----------+-------------------------------------------------------------------------------------+
; Port ; Type   ; Severity ; Details                                                                             ;
+------+--------+----------+-------------------------------------------------------------------------------------+
; qi   ; Output ; Info     ; Connected to dangling logic. Logic that only feeds a dangling port will be removed. ;
+------+--------+----------+-------------------------------------------------------------------------------------+


+----------------------------------------------------------------------------------------------------------------+
; Port Connectivity Checks: "CircuitoTemporizador:TEMP|fliflop:\conter:2:CO2:Ci"                                 ;
+------+--------+----------+-------------------------------------------------------------------------------------+
; Port ; Type   ; Severity ; Details                                                                             ;
+------+--------+----------+-------------------------------------------------------------------------------------+
; q    ; Output ; Info     ; Connected to dangling logic. Logic that only feeds a dangling port will be removed. ;
+------+--------+----------+-------------------------------------------------------------------------------------+


+-----------------------------------------------------+
; Post-Synthesis Netlist Statistics for Top Partition ;
+-----------------------+-----------------------------+
; Type                  ; Count                       ;
+-----------------------+-----------------------------+
; arriav_ff             ; 79                          ;
;     CLR               ; 12                          ;
;     CLR SCLR          ; 31                          ;
;     ENA               ; 3                           ;
;     SCLR              ; 31                          ;
;     plain             ; 2                           ;
; arriav_lcell_comb     ; 104                         ;
;     arith             ; 64                          ;
;         1 data inputs ; 64                          ;
;     normal            ; 40                          ;
;         1 data inputs ; 5                           ;
;         2 data inputs ; 11                          ;
;         3 data inputs ; 7                           ;
;         4 data inputs ; 2                           ;
;         5 data inputs ; 3                           ;
;         6 data inputs ; 12                          ;
; boundary_port         ; 8                           ;
;                       ;                             ;
; Max LUT depth         ; 4.10                        ;
; Average LUT depth     ; 3.04                        ;
+-----------------------+-----------------------------+


+-------------------------------+
; Elapsed Time Per Partition    ;
+----------------+--------------+
; Partition Name ; Elapsed Time ;
+----------------+--------------+
; Top            ; 00:00:00     ;
+----------------+--------------+


+-------------------------------+
; Analysis & Synthesis Messages ;
+-------------------------------+
Info: *******************************************************************
Info: Running Quartus Prime Analysis & Synthesis
    Info: Version 18.1.0 Build 625 09/12/2018 SJ Lite Edition
    Info: Processing started: Mon May 04 02:22:20 2020
Info: Command: quartus_map --read_settings_files=on --write_settings_files=off Exp7 -c Exp7
Warning (18236): Number of processors has not been specified which may cause overloading on shared machines.  Set the global assignment NUM_PARALLEL_PROCESSORS in your QSF to an appropriate value for best performance.
Info (20030): Parallel compilation is enabled and will use 4 of the 4 processors detected
Info (12021): Found 2 design units, including 1 entities, in source file /labdig/exp7e/maquinaestadosemaforo.vhd
    Info (12022): Found design unit 1: MaquinaEstadoSemaforo-Maquina1 File: D:/Labdig/Exp7e/MaquinaEstadoSemaforo.vhd Line: 19
    Info (12023): Found entity 1: MaquinaEstadoSemaforo File: D:/Labdig/Exp7e/MaquinaEstadoSemaforo.vhd Line: 5
Info (12021): Found 2 design units, including 1 entities, in source file /labdig/exp7t/fliflop.vhd
    Info (12022): Found design unit 1: fliflop-fliflop File: D:/Labdig/Exp7t/fliflop.vhd Line: 12
    Info (12023): Found entity 1: fliflop File: D:/Labdig/Exp7t/fliflop.vhd Line: 4
Info (12021): Found 2 design units, including 1 entities, in source file /labdig/exp7t/circuitotemporizador.vhd
    Info (12022): Found design unit 1: CircuitoTemporizador-CircuitoTemporizador File: D:/Labdig/Exp7t/CircuitoTemporizador.vhd Line: 14
    Info (12023): Found entity 1: CircuitoTemporizador File: D:/Labdig/Exp7t/CircuitoTemporizador.vhd Line: 4
Info (12021): Found 2 design units, including 1 entities, in source file exp7.vhd
    Info (12022): Found design unit 1: exp7-exp7 File: D:/Labdig/exp 7/Exp7.vhd Line: 13
    Info (12023): Found entity 1: exp7 File: D:/Labdig/exp 7/Exp7.vhd Line: 4
Info (12127): Elaborating entity "Exp7" for the top level hierarchy
Info (12128): Elaborating entity "CircuitoTemporizador" for hierarchy "CircuitoTemporizador:TEMP" File: D:/Labdig/exp 7/Exp7.vhd Line: 43
Info (12128): Elaborating entity "fliflop" for hierarchy "CircuitoTemporizador:TEMP|fliflop:\conter:0:INITC:Ci" File: D:/Labdig/Exp7t/CircuitoTemporizador.vhd Line: 52
Warning (10492): VHDL Process Statement warning at fliflop.vhd(18): signal "reset" is read inside the Process Statement but isn't in the Process Statement's sensitivity list File: D:/Labdig/Exp7t/fliflop.vhd Line: 18
Info (12128): Elaborating entity "MaquinaEstadoSemaforo" for hierarchy "MaquinaEstadoSemaforo:FSMSEF" File: D:/Labdig/exp 7/Exp7.vhd Line: 45
Warning (10492): VHDL Process Statement warning at MaquinaEstadoSemaforo.vhd(29): signal "reset" is read inside the Process Statement but isn't in the Process Statement's sensitivity list File: D:/Labdig/Exp7e/MaquinaEstadoSemaforo.vhd Line: 29
Warning (19016): Clock multiplexers are found and protected
    Warning (19017): Found clock multiplexer CircuitoTemporizador:TEMP|cout~0 File: D:/Labdig/Exp7t/CircuitoTemporizador.vhd Line: 9
    Warning (19017): Found clock multiplexer CircuitoTemporizador:TEMP|cout~1 File: D:/Labdig/Exp7t/CircuitoTemporizador.vhd Line: 9
Info (286030): Timing-Driven Synthesis is running
Info (16010): Generating hard_block partition "hard_block:auto_generated_inst"
    Info (16011): Adding 0 node(s), including 0 DDIO, 0 PLL, 0 transceiver and 0 LCELL
Info (21057): Implemented 116 device resources after synthesis - the final resource count might be different
    Info (21058): Implemented 5 input pins
    Info (21059): Implemented 3 output pins
    Info (21061): Implemented 108 logic cells
Info: Quartus Prime Analysis & Synthesis was successful. 0 errors, 6 warnings
    Info: Peak virtual memory: 4837 megabytes
    Info: Processing ended: Mon May 04 02:22:33 2020
    Info: Elapsed time: 00:00:13
    Info: Total CPU time (on all processors): 00:00:28


